<?xml version="1.0" encoding="UTF-8"?>
<testsuite name="pc4postfecha.cc3s2.MockitoTest" tests="2" skipped="0" failures="0" errors="0" timestamp="2024-06-23T09:58:53" hostname="192" time="0.452">
  <properties/>
  <testcase name="Test enemigo recibe daño" classname="pc4postfecha.cc3s2.MockitoTest" time="0.449"/>
  <testcase name="Test torre ataca enemigo" classname="pc4postfecha.cc3s2.MockitoTest" time="0.002"/>
  <system-out><![CDATA[]]></system-out>
  <system-err><![CDATA[]]></system-err>
</testsuite>
